<?xml version="1.0" encoding="UTF-8"?>
<!-- Generated by org.testng.reporters.JUnitXMLReporter -->
<testsuite ignored="0" hostname="Rajesh" failures="4" tests="27" name="Test" time="1147.882" errors="0" timestamp="2024-10-19T13:17:28 IST">
  <testcase classname="saleforceTestCase.S6_048_CreateLeadFormCampaign" name="testCase_S6_048_CreateLeadFormCampaign" time="51.458">
    <skipped/>
  </testcase> <!-- testCase_S6_048_CreateLeadFormCampaign -->
  <testcase classname="saleforceTestCase.S6_048_CreateLeadFormCampaign" name="testCase_S6_048_CreateLeadFormCampaign" time="7.327">
    <skipped/>
  </testcase> <!-- testCase_S6_048_CreateLeadFormCampaign -->
  <testcase classname="saleforceTestCase.S6_048_CreateLeadFormCampaign" name="testCase_S6_048_CreateLeadFormCampaign" time="49.979">
    <skipped/>
  </testcase> <!-- testCase_S6_048_CreateLeadFormCampaign -->
  <testcase classname="saleforceTestCase.S6_048_CreateLeadFormCampaign" name="testCase_S6_048_CreateLeadFormCampaign" time="34.769"/>
  <testcase classname="saleforceTestCase.S6_019_Create_Contact" name="testCase_S6_019_Create_Contact" time="17.412"/>
  <testcase classname="saleforceTestCase.S6_013_Create_Case_Without_Mandatory_Fields" name="testCase_S6_013_Create_Case_Without_Mandatory_Fields" time="51.666">
    <skipped/>
  </testcase> <!-- testCase_S6_013_Create_Case_Without_Mandatory_Fields -->
  <testcase classname="saleforceTestCase.S6_013_Create_Case_Without_Mandatory_Fields" name="testCase_S6_013_Create_Case_Without_Mandatory_Fields" time="19.283"/>
  <testcase classname="saleforceTestCase.S6_025_Create_LegalEntity_Without_MandatoryFields" name="testCase_S6_025_createLegalEntityWithoutMandatoryFields" time="59.004">
    <skipped/>
  </testcase> <!-- testCase_S6_025_createLegalEntityWithoutMandatoryFields -->
  <testcase classname="saleforceTestCase.S6_025_Create_LegalEntity_Without_MandatoryFields" name="testCase_S6_025_createLegalEntityWithoutMandatoryFields" time="60.127">
    <skipped/>
  </testcase> <!-- testCase_S6_025_createLegalEntityWithoutMandatoryFields -->
  <testcase classname="saleforceTestCase.S6_025_Create_LegalEntity_Without_MandatoryFields" name="testCase_S6_025_createLegalEntityWithoutMandatoryFields" time="59.218">
    <skipped/>
  </testcase> <!-- testCase_S6_025_createLegalEntityWithoutMandatoryFields -->
  <testcase classname="saleforceTestCase.S6_025_Create_LegalEntity_Without_MandatoryFields" name="testCase_S6_025_createLegalEntityWithoutMandatoryFields" time="59.767">
    <failure type="org.openqa.selenium.NoSuchElementException" message="no such element: Unable to locate element: {&amp;quot;method&amp;quot;:&amp;quot;xpath&amp;quot;,&amp;quot;selector&amp;quot;:&amp;quot;//span[text()=&amp;apos;New Legal Entity&amp;apos;]&amp;quot;}
  (Session info: chrome=129.0.6668.101)
For documentation on this error, please visit: https://www.selenium.dev/documentation/webdriver/troubleshooting/errors#no-such-element-exception
Build info: version: &amp;apos;4.25.0&amp;apos;, revision: &amp;apos;8a8aea2337&amp;apos;
System info: os.name: &amp;apos;Windows 10&amp;apos;, os.arch: &amp;apos;amd64&amp;apos;, os.version: &amp;apos;10.0&amp;apos;, java.version: &amp;apos;16.0.1&amp;apos;
Driver info: org.openqa.selenium.chrome.ChromeDriver
Command: [3fcc1889954762d215aa16141a31b5a2, findElement {value=//span[text()=&amp;apos;New Legal Entity&amp;apos;], using=xpath}]
Capabilities {acceptInsecureCerts: false, browserName: chrome, browserVersion: 129.0.6668.101, chrome: {chromedriverVersion: 129.0.6668.100 (cf58cba358d..., userDataDir: C:\Users\rajes\AppData\Loca...}, fedcm:accounts: true, goog:chromeOptions: {debuggerAddress: localhost:63292}, networkConnectionEnabled: false, pageLoadStrategy: normal, platformName: windows, proxy: Proxy(), se:cdp: ws://localhost:63292/devtoo..., se:cdpVersion: 129.0.6668.101, setWindowRect: true, strictFileInteractability: false, timeouts: {implicit: 0, pageLoad: 300000, script: 30000}, unhandledPromptBehavior: dismiss and notify, webauthn:extension:credBlob: true, webauthn:extension:largeBlob: true, webauthn:extension:minPinLength: true, webauthn:extension:prf: true, webauthn:virtualAuthenticators: true}
Session ID: 3fcc1889954762d215aa16141a31b5a2">
      <![CDATA[org.openqa.selenium.NoSuchElementException: no such element: Unable to locate element: {"method":"xpath","selector":"//span[text()='New Legal Entity']"}
  (Session info: chrome=129.0.6668.101)
For documentation on this error, please visit: https://www.selenium.dev/documentation/webdriver/troubleshooting/errors#no-such-element-exception
Build info: version: '4.25.0', revision: '8a8aea2337'
System info: os.name: 'Windows 10', os.arch: 'amd64', os.version: '10.0', java.version: '16.0.1'
Driver info: org.openqa.selenium.chrome.ChromeDriver
Command: [3fcc1889954762d215aa16141a31b5a2, findElement {value=//span[text()='New Legal Entity'], using=xpath}]
Capabilities {acceptInsecureCerts: false, browserName: chrome, browserVersion: 129.0.6668.101, chrome: {chromedriverVersion: 129.0.6668.100 (cf58cba358d..., userDataDir: C:\Users\rajes\AppData\Loca...}, fedcm:accounts: true, goog:chromeOptions: {debuggerAddress: localhost:63292}, networkConnectionEnabled: false, pageLoadStrategy: normal, platformName: windows, proxy: Proxy(), se:cdp: ws://localhost:63292/devtoo..., se:cdpVersion: 129.0.6668.101, setWindowRect: true, strictFileInteractability: false, timeouts: {implicit: 0, pageLoad: 300000, script: 30000}, unhandledPromptBehavior: dismiss and notify, webauthn:extension:credBlob: true, webauthn:extension:largeBlob: true, webauthn:extension:minPinLength: true, webauthn:extension:prf: true, webauthn:virtualAuthenticators: true}
Session ID: 3fcc1889954762d215aa16141a31b5a2
at org.openqa.selenium.remote.ErrorCodec.decode(ErrorCodec.java:167)
at org.openqa.selenium.remote.codec.w3c.W3CHttpResponseCodec.decode(W3CHttpResponseCodec.java:138)
at org.openqa.selenium.remote.codec.w3c.W3CHttpResponseCodec.decode(W3CHttpResponseCodec.java:50)
at org.openqa.selenium.remote.HttpCommandExecutor.execute(HttpCommandExecutor.java:190)
at org.openqa.selenium.remote.service.DriverCommandExecutor.invokeExecute(DriverCommandExecutor.java:216)
at org.openqa.selenium.remote.service.DriverCommandExecutor.execute(DriverCommandExecutor.java:174)
at org.openqa.selenium.remote.RemoteWebDriver.execute(RemoteWebDriver.java:545)
at org.openqa.selenium.remote.ElementLocation$ElementFinder$2.findElement(ElementLocation.java:165)
at org.openqa.selenium.remote.ElementLocation.findElement(ElementLocation.java:59)
at org.openqa.selenium.remote.RemoteWebDriver.findElement(RemoteWebDriver.java:368)
at org.openqa.selenium.remote.RemoteWebDriver.findElement(RemoteWebDriver.java:362)
at jiraSaleforceAssessment.CreateLegalEntityWithoutMandatoryFields.s6_025_createLegalEntityWithoutMandatoryFields(CreateLegalEntityWithoutMandatoryFields.java:49)
at saleforceTestCase.S6_025_Create_LegalEntity_Without_MandatoryFields.testCase_S6_025_createLegalEntityWithoutMandatoryFields(S6_025_Create_LegalEntity_Without_MandatoryFields.java:21)
at java.base/java.util.ArrayList.forEach(ArrayList.java:1511)
... Removed 32 stack frames]]>
    </failure>
  </testcase> <!-- testCase_S6_025_createLegalEntityWithoutMandatoryFields -->
  <testcase classname="saleforceTestCase.S6_CreateOpportunitywithoutmandatoryfields" name="testCase_S6_CreateOpportunitywithoutmandatoryfields" time="35.263"/>
  <testcase classname="saleforceTestCase.S6_031_verify_Dashboards_SortOrder_By_DashboardName" name="testCase_S6_031_verify_Dashboards_SortOrder_By_DashboardName" time="53.482">
    <skipped/>
  </testcase> <!-- testCase_S6_031_verify_Dashboards_SortOrder_By_DashboardName -->
  <testcase classname="saleforceTestCase.S6_031_verify_Dashboards_SortOrder_By_DashboardName" name="testCase_S6_031_verify_Dashboards_SortOrder_By_DashboardName" time="53.724">
    <skipped/>
  </testcase> <!-- testCase_S6_031_verify_Dashboards_SortOrder_By_DashboardName -->
  <testcase classname="saleforceTestCase.S6_031_verify_Dashboards_SortOrder_By_DashboardName" name="testCase_S6_031_verify_Dashboards_SortOrder_By_DashboardName" time="52.253">
    <skipped/>
  </testcase> <!-- testCase_S6_031_verify_Dashboards_SortOrder_By_DashboardName -->
  <testcase classname="saleforceTestCase.S6_031_verify_Dashboards_SortOrder_By_DashboardName" name="testCase_S6_031_verify_Dashboards_SortOrder_By_DashboardName" time="10.734">
    <failure type="java.lang.AssertionError" message="expected [true] but found [false]">
      <![CDATA[java.lang.AssertionError: expected [true] but found [false]
at jiraSaleforceAssessment.VerifyDashboardsSortOrderByDashboardName.s6_031_verifyDashboardsSortOrderByDashboardName(VerifyDashboardsSortOrderByDashboardName.java:72)
at saleforceTestCase.S6_031_verify_Dashboards_SortOrder_By_DashboardName.testCase_S6_031_verify_Dashboards_SortOrder_By_DashboardName(S6_031_verify_Dashboards_SortOrder_By_DashboardName.java:20)
at java.base/java.util.ArrayList.forEach(ArrayList.java:1511)
... Removed 31 stack frames]]>
    </failure>
  </testcase> <!-- testCase_S6_031_verify_Dashboards_SortOrder_By_DashboardName -->
  <testcase classname="saleforceTestCase.S6_054_Add_Product" name="testCase_S6_054_Add_Product" time="50.347">
    <skipped/>
  </testcase> <!-- testCase_S6_054_Add_Product -->
  <testcase classname="saleforceTestCase.S6_054_Add_Product" name="testCase_S6_054_Add_Product" time="23.535">
    <skipped/>
  </testcase> <!-- testCase_S6_054_Add_Product -->
  <testcase classname="saleforceTestCase.S6_054_Add_Product" name="testCase_S6_054_Add_Product" time="23.317">
    <skipped/>
  </testcase> <!-- testCase_S6_054_Add_Product -->
  <testcase classname="saleforceTestCase.S6_054_Add_Product" name="testCase_S6_054_Add_Product" time="23.4">
    <failure type="java.lang.AssertionError" message="expected [Case &amp;quot;00001233&amp;quot; was created.] but found [Case 00001222 was created.]">
      <![CDATA[java.lang.AssertionError: expected [Case "00001233" was created.] but found [Case 00001222 was created.]
at jiraSaleforceAssessment.AddProductNewCase.addProduct(AddProductNewCase.java:96)
at saleforceTestCase.S6_054_Add_Product.testCase_S6_054_Add_Product(S6_054_Add_Product.java:19)
at java.base/java.util.ArrayList.forEach(ArrayList.java:1511)
... Removed 33 stack frames]]>
    </failure>
  </testcase> <!-- testCase_S6_054_Add_Product -->
  <testcase classname="saleforceTestCase.S6_007_DeleteWorkTypeGroup" name="testCase_S6_007_DeleteWorkTypeGroup" time="55.339">
    <skipped/>
  </testcase> <!-- testCase_S6_007_DeleteWorkTypeGroup -->
  <testcase classname="saleforceTestCase.S6_007_DeleteWorkTypeGroup" name="testCase_S6_007_DeleteWorkTypeGroup" time="55.66">
    <skipped/>
  </testcase> <!-- testCase_S6_007_DeleteWorkTypeGroup -->
  <testcase classname="saleforceTestCase.S6_007_DeleteWorkTypeGroup" name="testCase_S6_007_DeleteWorkTypeGroup" time="50.225">
    <skipped/>
  </testcase> <!-- testCase_S6_007_DeleteWorkTypeGroup -->
  <testcase classname="saleforceTestCase.S6_007_DeleteWorkTypeGroup" name="testCase_S6_007_DeleteWorkTypeGroup" time="57.981">
    <failure type="org.openqa.selenium.NoSuchElementException" message="no such element: Unable to locate element: {&amp;quot;method&amp;quot;:&amp;quot;xpath&amp;quot;,&amp;quot;selector&amp;quot;:&amp;quot;//span[text()=&amp;apos;Show Actions&amp;apos;]&amp;quot;}
  (Session info: chrome=129.0.6668.101)
For documentation on this error, please visit: https://www.selenium.dev/documentation/webdriver/troubleshooting/errors#no-such-element-exception
Build info: version: &amp;apos;4.25.0&amp;apos;, revision: &amp;apos;8a8aea2337&amp;apos;
System info: os.name: &amp;apos;Windows 10&amp;apos;, os.arch: &amp;apos;amd64&amp;apos;, os.version: &amp;apos;10.0&amp;apos;, java.version: &amp;apos;16.0.1&amp;apos;
Driver info: org.openqa.selenium.chrome.ChromeDriver
Command: [2f1b099017620ae6a8069134707a7557, findElement {value=//span[text()=&amp;apos;Show Actions&amp;apos;], using=xpath}]
Capabilities {acceptInsecureCerts: false, browserName: chrome, browserVersion: 129.0.6668.101, chrome: {chromedriverVersion: 129.0.6668.100 (cf58cba358d..., userDataDir: C:\Users\rajes\AppData\Loca...}, fedcm:accounts: true, goog:chromeOptions: {debuggerAddress: localhost:63904}, networkConnectionEnabled: false, pageLoadStrategy: normal, platformName: windows, proxy: Proxy(), se:cdp: ws://localhost:63904/devtoo..., se:cdpVersion: 129.0.6668.101, setWindowRect: true, strictFileInteractability: false, timeouts: {implicit: 0, pageLoad: 300000, script: 30000}, unhandledPromptBehavior: dismiss and notify, webauthn:extension:credBlob: true, webauthn:extension:largeBlob: true, webauthn:extension:minPinLength: true, webauthn:extension:prf: true, webauthn:virtualAuthenticators: true}
Session ID: 2f1b099017620ae6a8069134707a7557">
      <![CDATA[org.openqa.selenium.NoSuchElementException: no such element: Unable to locate element: {"method":"xpath","selector":"//span[text()='Show Actions']"}
  (Session info: chrome=129.0.6668.101)
For documentation on this error, please visit: https://www.selenium.dev/documentation/webdriver/troubleshooting/errors#no-such-element-exception
Build info: version: '4.25.0', revision: '8a8aea2337'
System info: os.name: 'Windows 10', os.arch: 'amd64', os.version: '10.0', java.version: '16.0.1'
Driver info: org.openqa.selenium.chrome.ChromeDriver
Command: [2f1b099017620ae6a8069134707a7557, findElement {value=//span[text()='Show Actions'], using=xpath}]
Capabilities {acceptInsecureCerts: false, browserName: chrome, browserVersion: 129.0.6668.101, chrome: {chromedriverVersion: 129.0.6668.100 (cf58cba358d..., userDataDir: C:\Users\rajes\AppData\Loca...}, fedcm:accounts: true, goog:chromeOptions: {debuggerAddress: localhost:63904}, networkConnectionEnabled: false, pageLoadStrategy: normal, platformName: windows, proxy: Proxy(), se:cdp: ws://localhost:63904/devtoo..., se:cdpVersion: 129.0.6668.101, setWindowRect: true, strictFileInteractability: false, timeouts: {implicit: 0, pageLoad: 300000, script: 30000}, unhandledPromptBehavior: dismiss and notify, webauthn:extension:credBlob: true, webauthn:extension:largeBlob: true, webauthn:extension:minPinLength: true, webauthn:extension:prf: true, webauthn:virtualAuthenticators: true}
Session ID: 2f1b099017620ae6a8069134707a7557
at org.openqa.selenium.remote.ErrorCodec.decode(ErrorCodec.java:167)
at org.openqa.selenium.remote.codec.w3c.W3CHttpResponseCodec.decode(W3CHttpResponseCodec.java:138)
at org.openqa.selenium.remote.codec.w3c.W3CHttpResponseCodec.decode(W3CHttpResponseCodec.java:50)
at org.openqa.selenium.remote.HttpCommandExecutor.execute(HttpCommandExecutor.java:190)
at org.openqa.selenium.remote.service.DriverCommandExecutor.invokeExecute(DriverCommandExecutor.java:216)
at org.openqa.selenium.remote.service.DriverCommandExecutor.execute(DriverCommandExecutor.java:174)
at org.openqa.selenium.remote.RemoteWebDriver.execute(RemoteWebDriver.java:545)
at org.openqa.selenium.remote.ElementLocation$ElementFinder$2.findElement(ElementLocation.java:165)
at org.openqa.selenium.remote.ElementLocation.findElement(ElementLocation.java:59)
at org.openqa.selenium.remote.RemoteWebDriver.findElement(RemoteWebDriver.java:368)
at org.openqa.selenium.remote.RemoteWebDriver.findElement(RemoteWebDriver.java:362)
at jiraSaleforceAssessment.DeleteWorkTypeGroup.s6_007_Delete_Work_Type_Group(DeleteWorkTypeGroup.java:42)
at saleforceTestCase.S6_007_DeleteWorkTypeGroup.testCase_S6_007_DeleteWorkTypeGroup(S6_007_DeleteWorkTypeGroup.java:20)
at java.base/java.util.ArrayList.forEach(ArrayList.java:1511)
... Removed 32 stack frames]]>
    </failure>
  </testcase> <!-- testCase_S6_007_DeleteWorkTypeGroup -->
  <testcase classname="saleforceTestCase.S6_037_VerifyAppStoreLoadedToDownloadSalesForceAStory" name="testCase_S6_037_VerifyAppStoreLoadedToDownloadSalesForceAStory" time="56.022"/>
  <testcase classname="saleforceTestCase.S6_053_AddProductWithOpportunity" name="testCase_S6_053_verify_AddProductWithOpportunity" time="8.826">
    <skipped/>
  </testcase> <!-- testCase_S6_053_verify_AddProductWithOpportunity -->
  <testcase classname="saleforceTestCase.S6_053_AddProductWithOpportunity" name="testCase_S6_053_verify_AddProductWithOpportunity" time="33.691"/>
</testsuite> <!-- Test -->
